C:\USERS\TOM\DOCUMENTS\GAMES\ROGUELIKE\BLACKGUARD\JOGL_JNI\BIN\BLACKGUARD.DLL
C:\USERS\TOM\DOCUMENTS\GAMES\ROGUELIKE\BLACKGUARD\JOGL_JNI\SRC\RELEASE\ARMOR.OBJ
C:\USERS\TOM\DOCUMENTS\GAMES\ROGUELIKE\BLACKGUARD\JOGL_JNI\SRC\RELEASE\BLACKGUARD.DLL.INTERMEDIATE.MANIFEST
C:\Users\Tom\Documents\games\roguelike\blackguard\jogl_jni\src\Release\Blackguard.exp
C:\Users\Tom\Documents\games\roguelike\blackguard\jogl_jni\src\Release\Blackguard.lib
C:\USERS\TOM\DOCUMENTS\GAMES\ROGUELIKE\BLACKGUARD\JOGL_JNI\SRC\RELEASE\BLACKGUARD.OBJ
C:\USERS\TOM\DOCUMENTS\GAMES\ROGUELIKE\BLACKGUARD\JOGL_JNI\SRC\RELEASE\BLACKGUARD.PDB
C:\Users\Tom\Documents\games\roguelike\blackguard\jogl_jni\src\Release\Blackguard.write.1.tlog
C:\USERS\TOM\DOCUMENTS\GAMES\ROGUELIKE\BLACKGUARD\JOGL_JNI\SRC\RELEASE\CHASE.OBJ
C:\Users\Tom\Documents\games\roguelike\blackguard\jogl_jni\src\Release\cl.command.1.tlog
C:\Users\Tom\Documents\games\roguelike\blackguard\jogl_jni\src\Release\CL.read.1.tlog
C:\Users\Tom\Documents\games\roguelike\blackguard\jogl_jni\src\Release\CL.write.1.tlog
C:\USERS\TOM\DOCUMENTS\GAMES\ROGUELIKE\BLACKGUARD\JOGL_JNI\SRC\RELEASE\COMMAND.OBJ
C:\USERS\TOM\DOCUMENTS\GAMES\ROGUELIKE\BLACKGUARD\JOGL_JNI\SRC\RELEASE\DAEMON.OBJ
C:\USERS\TOM\DOCUMENTS\GAMES\ROGUELIKE\BLACKGUARD\JOGL_JNI\SRC\RELEASE\DAEMONS.OBJ
C:\USERS\TOM\DOCUMENTS\GAMES\ROGUELIKE\BLACKGUARD\JOGL_JNI\SRC\RELEASE\DISPLY.OBJ
C:\USERS\TOM\DOCUMENTS\GAMES\ROGUELIKE\BLACKGUARD\JOGL_JNI\SRC\RELEASE\ENCUMB.OBJ
C:\USERS\TOM\DOCUMENTS\GAMES\ROGUELIKE\BLACKGUARD\JOGL_JNI\SRC\RELEASE\FIGHT.OBJ
C:\USERS\TOM\DOCUMENTS\GAMES\ROGUELIKE\BLACKGUARD\JOGL_JNI\SRC\RELEASE\GLOBAL.OBJ
C:\USERS\TOM\DOCUMENTS\GAMES\ROGUELIKE\BLACKGUARD\JOGL_JNI\SRC\RELEASE\INIT.OBJ
C:\USERS\TOM\DOCUMENTS\GAMES\ROGUELIKE\BLACKGUARD\JOGL_JNI\SRC\RELEASE\IO.OBJ
C:\Users\Tom\Documents\games\roguelike\blackguard\jogl_jni\src\Release\link.command.1.tlog
C:\Users\Tom\Documents\games\roguelike\blackguard\jogl_jni\src\Release\link.read.1.tlog
C:\Users\Tom\Documents\games\roguelike\blackguard\jogl_jni\src\Release\link.write.1.tlog
C:\USERS\TOM\DOCUMENTS\GAMES\ROGUELIKE\BLACKGUARD\JOGL_JNI\SRC\RELEASE\LIST.OBJ
C:\USERS\TOM\DOCUMENTS\GAMES\ROGUELIKE\BLACKGUARD\JOGL_JNI\SRC\RELEASE\MAIN.OBJ
C:\USERS\TOM\DOCUMENTS\GAMES\ROGUELIKE\BLACKGUARD\JOGL_JNI\SRC\RELEASE\MISC.OBJ
C:\USERS\TOM\DOCUMENTS\GAMES\ROGUELIKE\BLACKGUARD\JOGL_JNI\SRC\RELEASE\MONSTERS.OBJ
C:\USERS\TOM\DOCUMENTS\GAMES\ROGUELIKE\BLACKGUARD\JOGL_JNI\SRC\RELEASE\MOVE.OBJ
C:\Users\Tom\Documents\games\roguelike\blackguard\jogl_jni\src\Release\mt.command.1.tlog
C:\Users\Tom\Documents\games\roguelike\blackguard\jogl_jni\src\Release\mt.read.1.tlog
C:\Users\Tom\Documents\games\roguelike\blackguard\jogl_jni\src\Release\mt.write.1.tlog
C:\USERS\TOM\DOCUMENTS\GAMES\ROGUELIKE\BLACKGUARD\JOGL_JNI\SRC\RELEASE\NEW_LEVE.OBJ
C:\USERS\TOM\DOCUMENTS\GAMES\ROGUELIKE\BLACKGUARD\JOGL_JNI\SRC\RELEASE\OPTIONS.OBJ
C:\USERS\TOM\DOCUMENTS\GAMES\ROGUELIKE\BLACKGUARD\JOGL_JNI\SRC\RELEASE\PACK.OBJ
C:\USERS\TOM\DOCUMENTS\GAMES\ROGUELIKE\BLACKGUARD\JOGL_JNI\SRC\RELEASE\PASSAGES.OBJ
C:\USERS\TOM\DOCUMENTS\GAMES\ROGUELIKE\BLACKGUARD\JOGL_JNI\SRC\RELEASE\POTIONS.OBJ
C:\USERS\TOM\DOCUMENTS\GAMES\ROGUELIKE\BLACKGUARD\JOGL_JNI\SRC\RELEASE\PSTATS.OBJ
C:\USERS\TOM\DOCUMENTS\GAMES\ROGUELIKE\BLACKGUARD\JOGL_JNI\SRC\RELEASE\RINGS.OBJ
C:\USERS\TOM\DOCUMENTS\GAMES\ROGUELIKE\BLACKGUARD\JOGL_JNI\SRC\RELEASE\RIP.OBJ
C:\USERS\TOM\DOCUMENTS\GAMES\ROGUELIKE\BLACKGUARD\JOGL_JNI\SRC\RELEASE\ROOMS.OBJ
C:\USERS\TOM\DOCUMENTS\GAMES\ROGUELIKE\BLACKGUARD\JOGL_JNI\SRC\RELEASE\SAVE.OBJ
C:\USERS\TOM\DOCUMENTS\GAMES\ROGUELIKE\BLACKGUARD\JOGL_JNI\SRC\RELEASE\SCROLLS.OBJ
C:\USERS\TOM\DOCUMENTS\GAMES\ROGUELIKE\BLACKGUARD\JOGL_JNI\SRC\RELEASE\STATE.OBJ
C:\USERS\TOM\DOCUMENTS\GAMES\ROGUELIKE\BLACKGUARD\JOGL_JNI\SRC\RELEASE\STICKS.OBJ
C:\USERS\TOM\DOCUMENTS\GAMES\ROGUELIKE\BLACKGUARD\JOGL_JNI\SRC\RELEASE\THINGS.OBJ
C:\USERS\TOM\DOCUMENTS\GAMES\ROGUELIKE\BLACKGUARD\JOGL_JNI\SRC\RELEASE\TRADER.OBJ
C:\USERS\TOM\DOCUMENTS\GAMES\ROGUELIKE\BLACKGUARD\JOGL_JNI\SRC\RELEASE\VC100.PDB
C:\USERS\TOM\DOCUMENTS\GAMES\ROGUELIKE\BLACKGUARD\JOGL_JNI\SRC\RELEASE\VERS.OBJ
C:\USERS\TOM\DOCUMENTS\GAMES\ROGUELIKE\BLACKGUARD\JOGL_JNI\SRC\RELEASE\WEAPONS.OBJ
C:\USERS\TOM\DOCUMENTS\GAMES\ROGUELIKE\BLACKGUARD\JOGL_JNI\SRC\RELEASE\WIZARD.OBJ
C:\USERS\TOM\DOCUMENTS\GAMES\ROGUELIKE\BLACKGUARD\JOGL_JNI\SRC\RELEASE\XCRYPT.OBJ
Release\Blackguard.pdb
