C:\USERS\TOM\DOCUMENTS\GAMES\ROGUELIKE\BLACKGUARD\JOGL_JNI\BIN\BLACKGUARD.DLL
C:\USERS\TOM\DOCUMENTS\GAMES\ROGUELIKE\BLACKGUARD\JOGL_JNI\BIN\BLACKGUARD.ILK
C:\USERS\TOM\DOCUMENTS\GAMES\ROGUELIKE\BLACKGUARD\JOGL_JNI\SRC\DEBUG\ARMOR.OBJ
C:\USERS\TOM\DOCUMENTS\GAMES\ROGUELIKE\BLACKGUARD\JOGL_JNI\SRC\DEBUG\BLACKGUARD.DLL.EMBED.MANIFEST
C:\USERS\TOM\DOCUMENTS\GAMES\ROGUELIKE\BLACKGUARD\JOGL_JNI\SRC\DEBUG\BLACKGUARD.DLL.EMBED.MANIFEST.RES
C:\USERS\TOM\DOCUMENTS\GAMES\ROGUELIKE\BLACKGUARD\JOGL_JNI\SRC\DEBUG\BLACKGUARD.DLL.INTERMEDIATE.MANIFEST
C:\Users\Tom\Documents\games\roguelike\blackguard\jogl_jni\src\Debug\Blackguard.exp
C:\Users\Tom\Documents\games\roguelike\blackguard\jogl_jni\src\Debug\Blackguard.lib
C:\USERS\TOM\DOCUMENTS\GAMES\ROGUELIKE\BLACKGUARD\JOGL_JNI\SRC\DEBUG\BLACKGUARD.OBJ
C:\USERS\TOM\DOCUMENTS\GAMES\ROGUELIKE\BLACKGUARD\JOGL_JNI\SRC\DEBUG\BLACKGUARD.PDB
C:\Users\Tom\Documents\games\roguelike\blackguard\jogl_jni\src\Debug\Blackguard.write.1.tlog
C:\Users\Tom\Documents\games\roguelike\blackguard\jogl_jni\src\Debug\Blackguard_manifest.rc
C:\USERS\TOM\DOCUMENTS\GAMES\ROGUELIKE\BLACKGUARD\JOGL_JNI\SRC\DEBUG\CHASE.OBJ
C:\Users\Tom\Documents\games\roguelike\blackguard\jogl_jni\src\Debug\cl.command.1.tlog
C:\Users\Tom\Documents\games\roguelike\blackguard\jogl_jni\src\Debug\CL.read.1.tlog
C:\Users\Tom\Documents\games\roguelike\blackguard\jogl_jni\src\Debug\CL.read.2.tlog
C:\Users\Tom\Documents\games\roguelike\blackguard\jogl_jni\src\Debug\CL.write.1.tlog
C:\USERS\TOM\DOCUMENTS\GAMES\ROGUELIKE\BLACKGUARD\JOGL_JNI\SRC\DEBUG\COMMAND.OBJ
C:\USERS\TOM\DOCUMENTS\GAMES\ROGUELIKE\BLACKGUARD\JOGL_JNI\SRC\DEBUG\DAEMON.OBJ
C:\USERS\TOM\DOCUMENTS\GAMES\ROGUELIKE\BLACKGUARD\JOGL_JNI\SRC\DEBUG\DAEMONS.OBJ
C:\USERS\TOM\DOCUMENTS\GAMES\ROGUELIKE\BLACKGUARD\JOGL_JNI\SRC\DEBUG\DISPLY.OBJ
C:\USERS\TOM\DOCUMENTS\GAMES\ROGUELIKE\BLACKGUARD\JOGL_JNI\SRC\DEBUG\ENCUMB.OBJ
C:\USERS\TOM\DOCUMENTS\GAMES\ROGUELIKE\BLACKGUARD\JOGL_JNI\SRC\DEBUG\FIGHT.OBJ
C:\USERS\TOM\DOCUMENTS\GAMES\ROGUELIKE\BLACKGUARD\JOGL_JNI\SRC\DEBUG\GLOBAL.OBJ
C:\USERS\TOM\DOCUMENTS\GAMES\ROGUELIKE\BLACKGUARD\JOGL_JNI\SRC\DEBUG\INIT.OBJ
C:\USERS\TOM\DOCUMENTS\GAMES\ROGUELIKE\BLACKGUARD\JOGL_JNI\SRC\DEBUG\IO.OBJ
C:\Users\Tom\Documents\games\roguelike\blackguard\jogl_jni\src\Debug\link.1248.read.1.tlog
C:\Users\Tom\Documents\games\roguelike\blackguard\jogl_jni\src\Debug\link.1248.read.2.tlog
C:\Users\Tom\Documents\games\roguelike\blackguard\jogl_jni\src\Debug\link.1248.write.1.tlog
C:\Users\Tom\Documents\games\roguelike\blackguard\jogl_jni\src\Debug\link.1248-cvtres.read.1.tlog
C:\Users\Tom\Documents\games\roguelike\blackguard\jogl_jni\src\Debug\link.1248-cvtres.read.2.tlog
C:\Users\Tom\Documents\games\roguelike\blackguard\jogl_jni\src\Debug\link.1248-cvtres.write.1.tlog
C:\Users\Tom\Documents\games\roguelike\blackguard\jogl_jni\src\Debug\link.command.1.tlog
C:\Users\Tom\Documents\games\roguelike\blackguard\jogl_jni\src\Debug\link.read.1.tlog
C:\Users\Tom\Documents\games\roguelike\blackguard\jogl_jni\src\Debug\link.read.2.tlog
C:\Users\Tom\Documents\games\roguelike\blackguard\jogl_jni\src\Debug\link.write.1.tlog
C:\Users\Tom\Documents\games\roguelike\blackguard\jogl_jni\src\Debug\link-cvtres.read.1.tlog
C:\Users\Tom\Documents\games\roguelike\blackguard\jogl_jni\src\Debug\link-cvtres.read.2.tlog
C:\Users\Tom\Documents\games\roguelike\blackguard\jogl_jni\src\Debug\link-cvtres.write.1.tlog
C:\USERS\TOM\DOCUMENTS\GAMES\ROGUELIKE\BLACKGUARD\JOGL_JNI\SRC\DEBUG\LIST.OBJ
C:\USERS\TOM\DOCUMENTS\GAMES\ROGUELIKE\BLACKGUARD\JOGL_JNI\SRC\DEBUG\MAIN.OBJ
C:\USERS\TOM\DOCUMENTS\GAMES\ROGUELIKE\BLACKGUARD\JOGL_JNI\SRC\DEBUG\MISC.OBJ
C:\USERS\TOM\DOCUMENTS\GAMES\ROGUELIKE\BLACKGUARD\JOGL_JNI\SRC\DEBUG\MONSTERS.OBJ
C:\USERS\TOM\DOCUMENTS\GAMES\ROGUELIKE\BLACKGUARD\JOGL_JNI\SRC\DEBUG\MOVE.OBJ
C:\Users\Tom\Documents\games\roguelike\blackguard\jogl_jni\src\Debug\mt.command.1.tlog
C:\Users\Tom\Documents\games\roguelike\blackguard\jogl_jni\src\Debug\mt.read.1.tlog
C:\Users\Tom\Documents\games\roguelike\blackguard\jogl_jni\src\Debug\mt.read.2.tlog
C:\Users\Tom\Documents\games\roguelike\blackguard\jogl_jni\src\Debug\mt.write.1.tlog
C:\USERS\TOM\DOCUMENTS\GAMES\ROGUELIKE\BLACKGUARD\JOGL_JNI\SRC\DEBUG\NEW_LEVE.OBJ
C:\USERS\TOM\DOCUMENTS\GAMES\ROGUELIKE\BLACKGUARD\JOGL_JNI\SRC\DEBUG\OPTIONS.OBJ
C:\USERS\TOM\DOCUMENTS\GAMES\ROGUELIKE\BLACKGUARD\JOGL_JNI\SRC\DEBUG\PACK.OBJ
C:\USERS\TOM\DOCUMENTS\GAMES\ROGUELIKE\BLACKGUARD\JOGL_JNI\SRC\DEBUG\PASSAGES.OBJ
C:\USERS\TOM\DOCUMENTS\GAMES\ROGUELIKE\BLACKGUARD\JOGL_JNI\SRC\DEBUG\POTIONS.OBJ
C:\USERS\TOM\DOCUMENTS\GAMES\ROGUELIKE\BLACKGUARD\JOGL_JNI\SRC\DEBUG\PSTATS.OBJ
C:\Users\Tom\Documents\games\roguelike\blackguard\jogl_jni\src\Debug\rc.command.1.tlog
C:\Users\Tom\Documents\games\roguelike\blackguard\jogl_jni\src\Debug\rc.read.1.tlog
C:\Users\Tom\Documents\games\roguelike\blackguard\jogl_jni\src\Debug\rc.read.2.tlog
C:\Users\Tom\Documents\games\roguelike\blackguard\jogl_jni\src\Debug\rc.write.1.tlog
C:\USERS\TOM\DOCUMENTS\GAMES\ROGUELIKE\BLACKGUARD\JOGL_JNI\SRC\DEBUG\RINGS.OBJ
C:\USERS\TOM\DOCUMENTS\GAMES\ROGUELIKE\BLACKGUARD\JOGL_JNI\SRC\DEBUG\RIP.OBJ
C:\USERS\TOM\DOCUMENTS\GAMES\ROGUELIKE\BLACKGUARD\JOGL_JNI\SRC\DEBUG\ROOMS.OBJ
C:\USERS\TOM\DOCUMENTS\GAMES\ROGUELIKE\BLACKGUARD\JOGL_JNI\SRC\DEBUG\SAVE.OBJ
C:\USERS\TOM\DOCUMENTS\GAMES\ROGUELIKE\BLACKGUARD\JOGL_JNI\SRC\DEBUG\SCROLLS.OBJ
C:\USERS\TOM\DOCUMENTS\GAMES\ROGUELIKE\BLACKGUARD\JOGL_JNI\SRC\DEBUG\STATE.OBJ
C:\USERS\TOM\DOCUMENTS\GAMES\ROGUELIKE\BLACKGUARD\JOGL_JNI\SRC\DEBUG\STICKS.OBJ
C:\USERS\TOM\DOCUMENTS\GAMES\ROGUELIKE\BLACKGUARD\JOGL_JNI\SRC\DEBUG\THINGS.OBJ
C:\USERS\TOM\DOCUMENTS\GAMES\ROGUELIKE\BLACKGUARD\JOGL_JNI\SRC\DEBUG\TRADER.OBJ
C:\Users\Tom\Documents\games\roguelike\blackguard\jogl_jni\src\Debug\vc100.idb
C:\USERS\TOM\DOCUMENTS\GAMES\ROGUELIKE\BLACKGUARD\JOGL_JNI\SRC\DEBUG\VC100.PDB
C:\USERS\TOM\DOCUMENTS\GAMES\ROGUELIKE\BLACKGUARD\JOGL_JNI\SRC\DEBUG\VERS.OBJ
C:\USERS\TOM\DOCUMENTS\GAMES\ROGUELIKE\BLACKGUARD\JOGL_JNI\SRC\DEBUG\WEAPONS.OBJ
C:\USERS\TOM\DOCUMENTS\GAMES\ROGUELIKE\BLACKGUARD\JOGL_JNI\SRC\DEBUG\WIZARD.OBJ
C:\USERS\TOM\DOCUMENTS\GAMES\ROGUELIKE\BLACKGUARD\JOGL_JNI\SRC\DEBUG\XCRYPT.OBJ
Debug\Blackguard.pdb
