This file contains any messages produced by compilers while
running configure, to aid debugging if configure makes a mistake.

It was created by configure, which was
generated by GNU Autoconf 2.52.20080325.  Invocation command line was

  $ ./configure --host=arm-eabi --without-cxx-binding --with-fallbacks=linux

## ---------- ##
## Platform.  ##
## ---------- ##

hostname = TOM-PC-3-2017
uname -m = x86_64
uname -r = 3.0.7(0.338/5/3)
uname -s = CYGWIN_NT-10.0
uname -v = 2019-04-30 18:08

/usr/bin/uname -p = unknown
/bin/uname -X     = unknown

/bin/arch              = x86_64
/usr/bin/arch -k       = unknown
/usr/convex/getsysinfo = unknown
hostinfo               = unknown
/bin/machine           = unknown
/usr/bin/oslevel       = unknown
/bin/universe          = unknown

PATH = /cygdrive/c/Users/TOMPOR~1/bin:/cygdrive/c/Anaconda3:/cygdrive/c/Anaconda3/Scripts:/usr/local/bin:/usr/bin:/cygdrive/c/Program Files (x86)/Common Files/Oracle/Java/javapath:/cygdrive/c/ProgramData/Oracle/Java/javapath:/cygdrive/c/WINDOWS/system32:/cygdrive/c/WINDOWS:/cygdrive/c/WINDOWS/System32/Wbem:/cygdrive/c/WINDOWS/System32/WindowsPowerShell/v1.0:/cygdrive/c/Program Files/Java/jdk1.8.0_121/bin:/cygdrive/c/WINDOWS/system32/config/systemprofile/.dnx/bin:/cygdrive/c/Program Files/Microsoft DNX/Dnvm:/cygdrive/c/Program Files (x86)/Windows Kits/8.1/Windows Performance Toolkit:/cygdrive/c/Program Files/Microsoft SQL Server/120/Tools/Binn:/cygdrive/c/Program Files/Microsoft SQL Server/130/Tools/Binn:/cygdrive/c/Program Files (x86)/Microsoft Emulator Manager/1.0:/cygdrive/c/Program Files/Git/cmd:/cygdrive/c/Program Files (x86)/Google/Cloud SDK/google-cloud-sdk/bin:/cygdrive/c/WINDOWS/System32/OpenSSH:/cygdrive/c/Program Files/TortoiseSVN/bin:/cygdrive/c/Users/Tom Portegys/AppData/Local/Microsoft/WindowsApps:/cygdrive/c/Users/Tom Portegys/AppData/Local/Microsoft/WindowsApps:/cygdrive/c/Program Files (x86)/Nmap:/cygdrive/c/Users/TOMPOR~1/apache-maven-3.5.0/bin

## ------------ ##
## Core tests.  ##
## ------------ ##

configure:1088: PATH=".;."; conftest.sh
./configure: line 1089: conftest.sh: command not found
configure:1091: $? = 127
configure:1104: checking for egrep
configure:1114: result: grep -E
configure:1128: result: Configuring NCURSES 5.7 ABI 5 (Sun Aug 11 20:40:14 CDT 2019)
configure:1233: checking build system type
configure:1251: result: x86_64-unknown-cygwin
configure:1258: checking host system type
configure:1272: result: arm-unknown-eabi
configure:1280: checking target system type
configure:1294: result: arm-unknown-eabi
configure:1325: result: Configuring for eabi
configure:1349: checking for prefix
configure:1361: result: /usr/local
configure:1402: checking for arm-eabi-gcc
configure:1425: result: agcc
configure:1688: checking for C compiler version
configure:1691: agcc --version </dev/null >&5
which: no arm-eabi-gcc in (/cygdrive/c/Users/TOMPOR~1/bin:/cygdrive/c/Anaconda3:/cygdrive/c/Anaconda3/Scripts:/usr/local/bin:/usr/bin:/cygdrive/c/Program Files (x86)/Common Files/Oracle/Java/javapath:/cygdrive/c/ProgramData/Oracle/Java/javapath:/cygdrive/c/WINDOWS/system32:/cygdrive/c/WINDOWS:/cygdrive/c/WINDOWS/System32/Wbem:/cygdrive/c/WINDOWS/System32/WindowsPowerShell/v1.0:/cygdrive/c/Program Files/Java/jdk1.8.0_121/bin:/cygdrive/c/WINDOWS/system32/config/systemprofile/.dnx/bin:/cygdrive/c/Program Files/Microsoft DNX/Dnvm:/cygdrive/c/Program Files (x86)/Windows Kits/8.1/Windows Performance Toolkit:/cygdrive/c/Program Files/Microsoft SQL Server/120/Tools/Binn:/cygdrive/c/Program Files/Microsoft SQL Server/130/Tools/Binn:/cygdrive/c/Program Files (x86)/Microsoft Emulator Manager/1.0:/cygdrive/c/Program Files/Git/cmd:/cygdrive/c/Program Files (x86)/Google/Cloud SDK/google-cloud-sdk/bin:/cygdrive/c/WINDOWS/System32/OpenSSH:/cygdrive/c/Program Files/TortoiseSVN/bin:/cygdrive/c/Users/Tom Portegys/AppData/Local/Microsoft/WindowsApps:/cygdrive/c/Users/Tom Portegys/AppData/Local/Microsoft/WindowsApps:/cygdrive/c/Program Files (x86)/Nmap:/cygdrive/c/Users/TOMPOR~1/apache-maven-3.5.0/bin)
dirname: missing operand
Try 'dirname --help' for more information.
bad arm-eabi-gcc path at /cygdrive/c/Users/TOMPOR~1/bin/agcc line 38.
configure:1694: $? = 255
configure:1696: agcc -v </dev/null >&5
which: no arm-eabi-gcc in (/cygdrive/c/Users/TOMPOR~1/bin:/cygdrive/c/Anaconda3:/cygdrive/c/Anaconda3/Scripts:/usr/local/bin:/usr/bin:/cygdrive/c/Program Files (x86)/Common Files/Oracle/Java/javapath:/cygdrive/c/ProgramData/Oracle/Java/javapath:/cygdrive/c/WINDOWS/system32:/cygdrive/c/WINDOWS:/cygdrive/c/WINDOWS/System32/Wbem:/cygdrive/c/WINDOWS/System32/WindowsPowerShell/v1.0:/cygdrive/c/Program Files/Java/jdk1.8.0_121/bin:/cygdrive/c/WINDOWS/system32/config/systemprofile/.dnx/bin:/cygdrive/c/Program Files/Microsoft DNX/Dnvm:/cygdrive/c/Program Files (x86)/Windows Kits/8.1/Windows Performance Toolkit:/cygdrive/c/Program Files/Microsoft SQL Server/120/Tools/Binn:/cygdrive/c/Program Files/Microsoft SQL Server/130/Tools/Binn:/cygdrive/c/Program Files (x86)/Microsoft Emulator Manager/1.0:/cygdrive/c/Program Files/Git/cmd:/cygdrive/c/Program Files (x86)/Google/Cloud SDK/google-cloud-sdk/bin:/cygdrive/c/WINDOWS/System32/OpenSSH:/cygdrive/c/Program Files/TortoiseSVN/bin:/cygdrive/c/Users/Tom Portegys/AppData/Local/Microsoft/WindowsApps:/cygdrive/c/Users/Tom Portegys/AppData/Local/Microsoft/WindowsApps:/cygdrive/c/Program Files (x86)/Nmap:/cygdrive/c/Users/TOMPOR~1/apache-maven-3.5.0/bin)
dirname: missing operand
Try 'dirname --help' for more information.
bad arm-eabi-gcc path at /cygdrive/c/Users/TOMPOR~1/bin/agcc line 38.
configure:1699: $? = 255
configure:1701: agcc -V </dev/null >&5
which: no arm-eabi-gcc in (/cygdrive/c/Users/TOMPOR~1/bin:/cygdrive/c/Anaconda3:/cygdrive/c/Anaconda3/Scripts:/usr/local/bin:/usr/bin:/cygdrive/c/Program Files (x86)/Common Files/Oracle/Java/javapath:/cygdrive/c/ProgramData/Oracle/Java/javapath:/cygdrive/c/WINDOWS/system32:/cygdrive/c/WINDOWS:/cygdrive/c/WINDOWS/System32/Wbem:/cygdrive/c/WINDOWS/System32/WindowsPowerShell/v1.0:/cygdrive/c/Program Files/Java/jdk1.8.0_121/bin:/cygdrive/c/WINDOWS/system32/config/systemprofile/.dnx/bin:/cygdrive/c/Program Files/Microsoft DNX/Dnvm:/cygdrive/c/Program Files (x86)/Windows Kits/8.1/Windows Performance Toolkit:/cygdrive/c/Program Files/Microsoft SQL Server/120/Tools/Binn:/cygdrive/c/Program Files/Microsoft SQL Server/130/Tools/Binn:/cygdrive/c/Program Files (x86)/Microsoft Emulator Manager/1.0:/cygdrive/c/Program Files/Git/cmd:/cygdrive/c/Program Files (x86)/Google/Cloud SDK/google-cloud-sdk/bin:/cygdrive/c/WINDOWS/System32/OpenSSH:/cygdrive/c/Program Files/TortoiseSVN/bin:/cygdrive/c/Users/Tom Portegys/AppData/Local/Microsoft/WindowsApps:/cygdrive/c/Users/Tom Portegys/AppData/Local/Microsoft/WindowsApps:/cygdrive/c/Program Files (x86)/Nmap:/cygdrive/c/Users/TOMPOR~1/apache-maven-3.5.0/bin)
dirname: missing operand
Try 'dirname --help' for more information.
bad arm-eabi-gcc path at /cygdrive/c/Users/TOMPOR~1/bin/agcc line 38.
configure:1704: $? = 255
configure:1724: checking for C compiler default output
configure:1727: agcc    conftest.c  >&5
which: no arm-eabi-gcc in (/cygdrive/c/Users/TOMPOR~1/bin:/cygdrive/c/Anaconda3:/cygdrive/c/Anaconda3/Scripts:/usr/local/bin:/usr/bin:/cygdrive/c/Program Files (x86)/Common Files/Oracle/Java/javapath:/cygdrive/c/ProgramData/Oracle/Java/javapath:/cygdrive/c/WINDOWS/system32:/cygdrive/c/WINDOWS:/cygdrive/c/WINDOWS/System32/Wbem:/cygdrive/c/WINDOWS/System32/WindowsPowerShell/v1.0:/cygdrive/c/Program Files/Java/jdk1.8.0_121/bin:/cygdrive/c/WINDOWS/system32/config/systemprofile/.dnx/bin:/cygdrive/c/Program Files/Microsoft DNX/Dnvm:/cygdrive/c/Program Files (x86)/Windows Kits/8.1/Windows Performance Toolkit:/cygdrive/c/Program Files/Microsoft SQL Server/120/Tools/Binn:/cygdrive/c/Program Files/Microsoft SQL Server/130/Tools/Binn:/cygdrive/c/Program Files (x86)/Microsoft Emulator Manager/1.0:/cygdrive/c/Program Files/Git/cmd:/cygdrive/c/Program Files (x86)/Google/Cloud SDK/google-cloud-sdk/bin:/cygdrive/c/WINDOWS/System32/OpenSSH:/cygdrive/c/Program Files/TortoiseSVN/bin:/cygdrive/c/Users/Tom Portegys/AppData/Local/Microsoft/WindowsApps:/cygdrive/c/Users/Tom Portegys/AppData/Local/Microsoft/WindowsApps:/cygdrive/c/Program Files (x86)/Nmap:/cygdrive/c/Users/TOMPOR~1/apache-maven-3.5.0/bin)
dirname: missing operand
Try 'dirname --help' for more information.
bad arm-eabi-gcc path at /cygdrive/c/Users/TOMPOR~1/bin/agcc line 38.
configure:1730: $? = 255
configure: failed program was:
#line 1708 "configure"
#include "confdefs.h"

int
main ()
{

  ;
  return 0;
}
configure:1753: error: C compiler cannot create executables

## ----------------- ##
## Cache variables.  ##
## ----------------- ##

ac_cv_build=x86_64-unknown-cygwin
ac_cv_build_alias=x86_64-unknown-cygwin
ac_cv_env_CC_set=set
ac_cv_env_CC_value=agcc
ac_cv_env_CFLAGS_set=
ac_cv_env_CFLAGS_value=
ac_cv_env_CPPFLAGS_set=
ac_cv_env_CPPFLAGS_value=
ac_cv_env_CPP_set=
ac_cv_env_CPP_value=
ac_cv_env_CXXCPP_set=
ac_cv_env_CXXCPP_value=
ac_cv_env_CXXFLAGS_set=
ac_cv_env_CXXFLAGS_value=
ac_cv_env_CXX_set=
ac_cv_env_CXX_value=
ac_cv_env_LDFLAGS_set=
ac_cv_env_LDFLAGS_value=
ac_cv_env_build_alias_set=
ac_cv_env_build_alias_value=
ac_cv_env_host_alias_set=set
ac_cv_env_host_alias_value=arm-eabi
ac_cv_env_target_alias_set=
ac_cv_env_target_alias_value=
ac_cv_host=arm-unknown-eabi
ac_cv_host_alias=arm-eabi
ac_cv_prog_CC=agcc
ac_cv_prog_egrep='grep -E'
ac_cv_target=arm-unknown-eabi
ac_cv_target_alias=arm-eabi
cf_cv_abi_version=5
cf_cv_rel_version=5.7
cf_cv_system_name=eabi
cf_cv_timestamp='Sun Aug 11 20:40:14 CDT 2019'

## ------------ ##
## confdefs.h.  ##
## ------------ ##

#define SYSTEM_NAME "eabi"


configure: exit 77
